Analysis & Synthesis report for section_4_5
Sat Jun 18 14:14:41 2022
Quartus Prime Version 18.1.0 Build 625 09/12/2018 SJ Lite Edition


---------------------
; Table of Contents ;
---------------------
  1. Legal Notice
  2. Analysis & Synthesis Summary
  3. Analysis & Synthesis Settings
  4. Parallel Compilation
  5. Analysis & Synthesis Source Files Read
  6. Analysis & Synthesis Resource Usage Summary
  7. Analysis & Synthesis Resource Utilization by Entity
  8. General Register Statistics
  9. Port Connectivity Checks: "seven_segment:hex3_inst"
 10. Port Connectivity Checks: "seven_segment:hex2_inst"
 11. Port Connectivity Checks: "seven_segment:hex1_inst"
 12. Port Connectivity Checks: "seven_segment:hex0_inst"
 13. Port Connectivity Checks: "Four_bit_multiplier:component_2|Four_bits_adder:component_1"
 14. Port Connectivity Checks: "Four_bits_adder:component_1|Full_adder:component_1"
 15. Post-Synthesis Netlist Statistics for Top Partition
 16. Elapsed Time Per Partition
 17. Analysis & Synthesis Messages



----------------
; Legal Notice ;
----------------
Copyright (C) 2018  Intel Corporation. All rights reserved.
Your use of Intel Corporation's design tools, logic functions 
and other software and tools, and its AMPP partner logic 
functions, and any output files from any of the foregoing 
(including device programming or simulation files), and any 
associated documentation or information are expressly subject 
to the terms and conditions of the Intel Program License 
Subscription Agreement, the Intel Quartus Prime License Agreement,
the Intel FPGA IP License Agreement, or other applicable license
agreement, including, without limitation, that your use is for
the sole purpose of programming logic devices manufactured by
Intel and sold by Intel or its authorized distributors.  Please
refer to the applicable agreement for further details.



+-------------------------------------------------------------------------------+
; Analysis & Synthesis Summary                                                  ;
+---------------------------------+---------------------------------------------+
; Analysis & Synthesis Status     ; Successful - Sat Jun 18 14:14:41 2022       ;
; Quartus Prime Version           ; 18.1.0 Build 625 09/12/2018 SJ Lite Edition ;
; Revision Name                   ; section_4_5                                 ;
; Top-level Entity Name           ; section_4_5                                 ;
; Family                          ; Cyclone V                                   ;
; Logic utilization (in ALMs)     ; N/A                                         ;
; Total registers                 ; 0                                           ;
; Total pins                      ; 60                                          ;
; Total virtual pins              ; 0                                           ;
; Total block memory bits         ; 0                                           ;
; Total DSP Blocks                ; 0                                           ;
; Total HSSI RX PCSs              ; 0                                           ;
; Total HSSI PMA RX Deserializers ; 0                                           ;
; Total HSSI TX PCSs              ; 0                                           ;
; Total HSSI PMA TX Serializers   ; 0                                           ;
; Total PLLs                      ; 0                                           ;
; Total DLLs                      ; 0                                           ;
+---------------------------------+---------------------------------------------+


+---------------------------------------------------------------------------------------------------------------------------+
; Analysis & Synthesis Settings                                                                                             ;
+---------------------------------------------------------------------------------+--------------------+--------------------+
; Option                                                                          ; Setting            ; Default Value      ;
+---------------------------------------------------------------------------------+--------------------+--------------------+
; Device                                                                          ; 5CGXFC5C6F27C7     ;                    ;
; Top-level entity name                                                           ; section_4_5        ; section_4_5        ;
; Family name                                                                     ; Cyclone V          ; Cyclone V          ;
; Use smart compilation                                                           ; Off                ; Off                ;
; Enable parallel Assembler and Timing Analyzer during compilation                ; On                 ; On                 ;
; Enable compact report table                                                     ; Off                ; Off                ;
; Restructure Multiplexers                                                        ; Auto               ; Auto               ;
; MLAB Add Timing Constraints For Mixed-Port Feed-Through Mode Setting Don't Care ; Off                ; Off                ;
; Create Debugging Nodes for IP Cores                                             ; Off                ; Off                ;
; Preserve fewer node names                                                       ; On                 ; On                 ;
; Intel FPGA IP Evaluation Mode                                                   ; Enable             ; Enable             ;
; Verilog Version                                                                 ; Verilog_2001       ; Verilog_2001       ;
; VHDL Version                                                                    ; VHDL_1993          ; VHDL_1993          ;
; State Machine Processing                                                        ; Auto               ; Auto               ;
; Safe State Machine                                                              ; Off                ; Off                ;
; Extract Verilog State Machines                                                  ; On                 ; On                 ;
; Extract VHDL State Machines                                                     ; On                 ; On                 ;
; Ignore Verilog initial constructs                                               ; Off                ; Off                ;
; Iteration limit for constant Verilog loops                                      ; 5000               ; 5000               ;
; Iteration limit for non-constant Verilog loops                                  ; 250                ; 250                ;
; Add Pass-Through Logic to Inferred RAMs                                         ; On                 ; On                 ;
; Infer RAMs from Raw Logic                                                       ; On                 ; On                 ;
; Parallel Synthesis                                                              ; On                 ; On                 ;
; DSP Block Balancing                                                             ; Auto               ; Auto               ;
; NOT Gate Push-Back                                                              ; On                 ; On                 ;
; Power-Up Don't Care                                                             ; On                 ; On                 ;
; Remove Redundant Logic Cells                                                    ; Off                ; Off                ;
; Remove Duplicate Registers                                                      ; On                 ; On                 ;
; Ignore CARRY Buffers                                                            ; Off                ; Off                ;
; Ignore CASCADE Buffers                                                          ; Off                ; Off                ;
; Ignore GLOBAL Buffers                                                           ; Off                ; Off                ;
; Ignore ROW GLOBAL Buffers                                                       ; Off                ; Off                ;
; Ignore LCELL Buffers                                                            ; Off                ; Off                ;
; Ignore SOFT Buffers                                                             ; On                 ; On                 ;
; Limit AHDL Integers to 32 Bits                                                  ; Off                ; Off                ;
; Optimization Technique                                                          ; Balanced           ; Balanced           ;
; Carry Chain Length                                                              ; 70                 ; 70                 ;
; Auto Carry Chains                                                               ; On                 ; On                 ;
; Auto Open-Drain Pins                                                            ; On                 ; On                 ;
; Perform WYSIWYG Primitive Resynthesis                                           ; Off                ; Off                ;
; Auto ROM Replacement                                                            ; On                 ; On                 ;
; Auto RAM Replacement                                                            ; On                 ; On                 ;
; Auto DSP Block Replacement                                                      ; On                 ; On                 ;
; Auto Shift Register Replacement                                                 ; Auto               ; Auto               ;
; Allow Shift Register Merging across Hierarchies                                 ; Auto               ; Auto               ;
; Auto Clock Enable Replacement                                                   ; On                 ; On                 ;
; Strict RAM Replacement                                                          ; Off                ; Off                ;
; Allow Synchronous Control Signals                                               ; On                 ; On                 ;
; Force Use of Synchronous Clear Signals                                          ; Off                ; Off                ;
; Auto Resource Sharing                                                           ; Off                ; Off                ;
; Allow Any RAM Size For Recognition                                              ; Off                ; Off                ;
; Allow Any ROM Size For Recognition                                              ; Off                ; Off                ;
; Allow Any Shift Register Size For Recognition                                   ; Off                ; Off                ;
; Use LogicLock Constraints during Resource Balancing                             ; On                 ; On                 ;
; Ignore translate_off and synthesis_off directives                               ; Off                ; Off                ;
; Timing-Driven Synthesis                                                         ; On                 ; On                 ;
; Report Parameter Settings                                                       ; On                 ; On                 ;
; Report Source Assignments                                                       ; On                 ; On                 ;
; Report Connectivity Checks                                                      ; On                 ; On                 ;
; Ignore Maximum Fan-Out Assignments                                              ; Off                ; Off                ;
; Synchronization Register Chain Length                                           ; 3                  ; 3                  ;
; Power Optimization During Synthesis                                             ; Normal compilation ; Normal compilation ;
; HDL message level                                                               ; Level2             ; Level2             ;
; Suppress Register Optimization Related Messages                                 ; Off                ; Off                ;
; Number of Removed Registers Reported in Synthesis Report                        ; 5000               ; 5000               ;
; Number of Swept Nodes Reported in Synthesis Report                              ; 5000               ; 5000               ;
; Number of Inverted Registers Reported in Synthesis Report                       ; 100                ; 100                ;
; Clock MUX Protection                                                            ; On                 ; On                 ;
; Auto Gated Clock Conversion                                                     ; Off                ; Off                ;
; Block Design Naming                                                             ; Auto               ; Auto               ;
; SDC constraint protection                                                       ; Off                ; Off                ;
; Synthesis Effort                                                                ; Auto               ; Auto               ;
; Shift Register Replacement - Allow Asynchronous Clear Signal                    ; On                 ; On                 ;
; Pre-Mapping Resynthesis Optimization                                            ; Off                ; Off                ;
; Analysis & Synthesis Message Level                                              ; Medium             ; Medium             ;
; Disable Register Merging Across Hierarchies                                     ; Auto               ; Auto               ;
; Resource Aware Inference For Block RAM                                          ; On                 ; On                 ;
; Automatic Parallel Synthesis                                                    ; On                 ; On                 ;
; Partial Reconfiguration Bitstream ID                                            ; Off                ; Off                ;
+---------------------------------------------------------------------------------+--------------------+--------------------+


+------------------------------------------+
; Parallel Compilation                     ;
+----------------------------+-------------+
; Processors                 ; Number      ;
+----------------------------+-------------+
; Number detected on machine ; 8           ;
; Maximum allowed            ; 4           ;
;                            ;             ;
; Average used               ; 1.00        ;
; Maximum used               ; 1           ;
;                            ;             ;
; Usage by Processor         ; % Time Used ;
;     Processor 1            ; 100.0%      ;
+----------------------------+-------------+


+-------------------------------------------------------------------------------------------------------------------------------------------------------+
; Analysis & Synthesis Source Files Read                                                                                                                ;
+----------------------------------+-----------------+-----------------+----------------------------------------------------------------------+---------+
; File Name with User-Entered Path ; Used in Netlist ; File Type       ; File Name with Absolute Path                                         ; Library ;
+----------------------------------+-----------------+-----------------+----------------------------------------------------------------------+---------+
; section_4_5.vhd                  ; yes             ; User VHDL File  ; C:/Users/mcart/Documents/syde_192L/LAB_3/section_4_5/section_4_5.vhd ;         ;
+----------------------------------+-----------------+-----------------+----------------------------------------------------------------------+---------+


+-----------------------------------------------------------+
; Analysis & Synthesis Resource Usage Summary               ;
+---------------------------------------------+-------------+
; Resource                                    ; Usage       ;
+---------------------------------------------+-------------+
; Estimate of Logic utilization (ALMs needed) ; 32          ;
;                                             ;             ;
; Combinational ALUT usage for logic          ; 54          ;
;     -- 7 input functions                    ; 0           ;
;     -- 6 input functions                    ; 9           ;
;     -- 5 input functions                    ; 9           ;
;     -- 4 input functions                    ; 31          ;
;     -- <=3 input functions                  ; 5           ;
;                                             ;             ;
; Dedicated logic registers                   ; 0           ;
;                                             ;             ;
; I/O pins                                    ; 60          ;
;                                             ;             ;
; Total DSP Blocks                            ; 0           ;
;                                             ;             ;
; Maximum fan-out node                        ; SW[5]~input ;
; Maximum fan-out                             ; 19          ;
; Total fan-out                               ; 324         ;
; Average fan-out                             ; 1.86        ;
+---------------------------------------------+-------------+


+-------------------------------------------------------------------------------------------------------------------------------------------------------------------------------------------------------------------------------------------------------------------------------------------------------------+
; Analysis & Synthesis Resource Utilization by Entity                                                                                                                                                                                                                                                         ;
+--------------------------------------+---------------------+---------------------------+-------------------+------------+------+--------------+------------------------------------------------------------------------------------------------------------------------+---------------------+--------------+
; Compilation Hierarchy Node           ; Combinational ALUTs ; Dedicated Logic Registers ; Block Memory Bits ; DSP Blocks ; Pins ; Virtual Pins ; Full Hierarchy Name                                                                                                    ; Entity Name         ; Library Name ;
+--------------------------------------+---------------------+---------------------------+-------------------+------------+------+--------------+------------------------------------------------------------------------------------------------------------------------+---------------------+--------------+
; |section_4_5                         ; 54 (9)              ; 0 (0)                     ; 0                 ; 0          ; 60   ; 0            ; |section_4_5                                                                                                           ; section_4_5         ; work         ;
;    |Four_bit_multiplier:component_2| ; 15 (2)              ; 0 (0)                     ; 0                 ; 0          ; 0    ; 0            ; |section_4_5|Four_bit_multiplier:component_2                                                                           ; Four_bit_multiplier ; work         ;
;       |Four_bits_adder:component_1|  ; 3 (0)               ; 0 (0)                     ; 0                 ; 0          ; 0    ; 0            ; |section_4_5|Four_bit_multiplier:component_2|Four_bits_adder:component_1                                               ; Four_bits_adder     ; work         ;
;          |Full_adder:component_2|    ; 1 (0)               ; 0 (0)                     ; 0                 ; 0          ; 0    ; 0            ; |section_4_5|Four_bit_multiplier:component_2|Four_bits_adder:component_1|Full_adder:component_2                        ; Full_adder          ; work         ;
;             |Half_adder:component_2| ; 1 (1)               ; 0 (0)                     ; 0                 ; 0          ; 0    ; 0            ; |section_4_5|Four_bit_multiplier:component_2|Four_bits_adder:component_1|Full_adder:component_2|Half_adder:component_2 ; Half_adder          ; work         ;
;          |Full_adder:component_3|    ; 1 (0)               ; 0 (0)                     ; 0                 ; 0          ; 0    ; 0            ; |section_4_5|Four_bit_multiplier:component_2|Four_bits_adder:component_1|Full_adder:component_3                        ; Full_adder          ; work         ;
;             |Half_adder:component_2| ; 1 (1)               ; 0 (0)                     ; 0                 ; 0          ; 0    ; 0            ; |section_4_5|Four_bit_multiplier:component_2|Four_bits_adder:component_1|Full_adder:component_3|Half_adder:component_2 ; Half_adder          ; work         ;
;          |Full_adder:component_4|    ; 1 (0)               ; 0 (0)                     ; 0                 ; 0          ; 0    ; 0            ; |section_4_5|Four_bit_multiplier:component_2|Four_bits_adder:component_1|Full_adder:component_4                        ; Full_adder          ; work         ;
;             |Half_adder:component_2| ; 1 (1)               ; 0 (0)                     ; 0                 ; 0          ; 0    ; 0            ; |section_4_5|Four_bit_multiplier:component_2|Four_bits_adder:component_1|Full_adder:component_4|Half_adder:component_2 ; Half_adder          ; work         ;
;       |Four_bits_adder:component_2|  ; 7 (0)               ; 0 (0)                     ; 0                 ; 0          ; 0    ; 0            ; |section_4_5|Four_bit_multiplier:component_2|Four_bits_adder:component_2                                               ; Four_bits_adder     ; work         ;
;          |Full_adder:component_1|    ; 1 (0)               ; 0 (0)                     ; 0                 ; 0          ; 0    ; 0            ; |section_4_5|Four_bit_multiplier:component_2|Four_bits_adder:component_2|Full_adder:component_1                        ; Full_adder          ; work         ;
;             |Half_adder:component_1| ; 1 (1)               ; 0 (0)                     ; 0                 ; 0          ; 0    ; 0            ; |section_4_5|Four_bit_multiplier:component_2|Four_bits_adder:component_2|Full_adder:component_1|Half_adder:component_1 ; Half_adder          ; work         ;
;          |Full_adder:component_2|    ; 1 (0)               ; 0 (0)                     ; 0                 ; 0          ; 0    ; 0            ; |section_4_5|Four_bit_multiplier:component_2|Four_bits_adder:component_2|Full_adder:component_2                        ; Full_adder          ; work         ;
;             |Half_adder:component_2| ; 1 (1)               ; 0 (0)                     ; 0                 ; 0          ; 0    ; 0            ; |section_4_5|Four_bit_multiplier:component_2|Four_bits_adder:component_2|Full_adder:component_2|Half_adder:component_2 ; Half_adder          ; work         ;
;          |Full_adder:component_3|    ; 2 (1)               ; 0 (0)                     ; 0                 ; 0          ; 0    ; 0            ; |section_4_5|Four_bit_multiplier:component_2|Four_bits_adder:component_2|Full_adder:component_3                        ; Full_adder          ; work         ;
;             |Half_adder:component_2| ; 1 (1)               ; 0 (0)                     ; 0                 ; 0          ; 0    ; 0            ; |section_4_5|Four_bit_multiplier:component_2|Four_bits_adder:component_2|Full_adder:component_3|Half_adder:component_2 ; Half_adder          ; work         ;
;          |Full_adder:component_4|    ; 3 (1)               ; 0 (0)                     ; 0                 ; 0          ; 0    ; 0            ; |section_4_5|Four_bit_multiplier:component_2|Four_bits_adder:component_2|Full_adder:component_4                        ; Full_adder          ; work         ;
;             |Half_adder:component_1| ; 2 (2)               ; 0 (0)                     ; 0                 ; 0          ; 0    ; 0            ; |section_4_5|Four_bit_multiplier:component_2|Four_bits_adder:component_2|Full_adder:component_4|Half_adder:component_1 ; Half_adder          ; work         ;
;       |Four_bits_adder:component_3|  ; 3 (0)               ; 0 (0)                     ; 0                 ; 0          ; 0    ; 0            ; |section_4_5|Four_bit_multiplier:component_2|Four_bits_adder:component_3                                               ; Four_bits_adder     ; work         ;
;          |Full_adder:component_1|    ; 1 (0)               ; 0 (0)                     ; 0                 ; 0          ; 0    ; 0            ; |section_4_5|Four_bit_multiplier:component_2|Four_bits_adder:component_3|Full_adder:component_1                        ; Full_adder          ; work         ;
;             |Half_adder:component_1| ; 1 (1)               ; 0 (0)                     ; 0                 ; 0          ; 0    ; 0            ; |section_4_5|Four_bit_multiplier:component_2|Four_bits_adder:component_3|Full_adder:component_1|Half_adder:component_1 ; Half_adder          ; work         ;
;          |Full_adder:component_2|    ; 1 (1)               ; 0 (0)                     ; 0                 ; 0          ; 0    ; 0            ; |section_4_5|Four_bit_multiplier:component_2|Four_bits_adder:component_3|Full_adder:component_2                        ; Full_adder          ; work         ;
;          |Full_adder:component_3|    ; 1 (1)               ; 0 (0)                     ; 0                 ; 0          ; 0    ; 0            ; |section_4_5|Four_bit_multiplier:component_2|Four_bits_adder:component_3|Full_adder:component_3                        ; Full_adder          ; work         ;
;    |Four_bits_adder:component_1|     ; 2 (0)               ; 0 (0)                     ; 0                 ; 0          ; 0    ; 0            ; |section_4_5|Four_bits_adder:component_1                                                                               ; Four_bits_adder     ; work         ;
;       |Full_adder:component_2|       ; 1 (1)               ; 0 (0)                     ; 0                 ; 0          ; 0    ; 0            ; |section_4_5|Four_bits_adder:component_1|Full_adder:component_2                                                        ; Full_adder          ; work         ;
;       |Full_adder:component_4|       ; 1 (0)               ; 0 (0)                     ; 0                 ; 0          ; 0    ; 0            ; |section_4_5|Four_bits_adder:component_1|Full_adder:component_4                                                        ; Full_adder          ; work         ;
;          |Half_adder:component_2|    ; 1 (1)               ; 0 (0)                     ; 0                 ; 0          ; 0    ; 0            ; |section_4_5|Four_bits_adder:component_1|Full_adder:component_4|Half_adder:component_2                                 ; Half_adder          ; work         ;
;    |seven_segment:hex0_inst|         ; 7 (7)               ; 0 (0)                     ; 0                 ; 0          ; 0    ; 0            ; |section_4_5|seven_segment:hex0_inst                                                                                   ; seven_segment       ; work         ;
;    |seven_segment:hex1_inst|         ; 7 (7)               ; 0 (0)                     ; 0                 ; 0          ; 0    ; 0            ; |section_4_5|seven_segment:hex1_inst                                                                                   ; seven_segment       ; work         ;
;    |seven_segment:hex2_inst|         ; 7 (7)               ; 0 (0)                     ; 0                 ; 0          ; 0    ; 0            ; |section_4_5|seven_segment:hex2_inst                                                                                   ; seven_segment       ; work         ;
;    |seven_segment:hex3_inst|         ; 7 (7)               ; 0 (0)                     ; 0                 ; 0          ; 0    ; 0            ; |section_4_5|seven_segment:hex3_inst                                                                                   ; seven_segment       ; work         ;
+--------------------------------------+---------------------+---------------------------+-------------------+------------+------+--------------+------------------------------------------------------------------------------------------------------------------------+---------------------+--------------+
Note: For table entries with two numbers listed, the numbers in parentheses indicate the number of resources of the given type used by the specific entity alone. The numbers listed outside of parentheses indicate the total resources of the given type used by the specific entity and all of its sub-entities in the hierarchy.


+------------------------------------------------------+
; General Register Statistics                          ;
+----------------------------------------------+-------+
; Statistic                                    ; Value ;
+----------------------------------------------+-------+
; Total registers                              ; 0     ;
; Number of registers using Synchronous Clear  ; 0     ;
; Number of registers using Synchronous Load   ; 0     ;
; Number of registers using Asynchronous Clear ; 0     ;
; Number of registers using Asynchronous Load  ; 0     ;
; Number of registers using Clock Enable       ; 0     ;
; Number of registers using Preset             ; 0     ;
+----------------------------------------------+-------+


+-----------------------------------------------------+
; Port Connectivity Checks: "seven_segment:hex3_inst" ;
+----------+-------+----------+-----------------------+
; Port     ; Type  ; Severity ; Details               ;
+----------+-------+----------+-----------------------+
; blanking ; Input ; Info     ; Stuck at GND          ;
+----------+-------+----------+-----------------------+


+-----------------------------------------------------+
; Port Connectivity Checks: "seven_segment:hex2_inst" ;
+----------+-------+----------+-----------------------+
; Port     ; Type  ; Severity ; Details               ;
+----------+-------+----------+-----------------------+
; blanking ; Input ; Info     ; Stuck at GND          ;
+----------+-------+----------+-----------------------+


+-----------------------------------------------------+
; Port Connectivity Checks: "seven_segment:hex1_inst" ;
+----------+-------+----------+-----------------------+
; Port     ; Type  ; Severity ; Details               ;
+----------+-------+----------+-----------------------+
; blanking ; Input ; Info     ; Stuck at GND          ;
+----------+-------+----------+-----------------------+


+-----------------------------------------------------+
; Port Connectivity Checks: "seven_segment:hex0_inst" ;
+----------+-------+----------+-----------------------+
; Port     ; Type  ; Severity ; Details               ;
+----------+-------+----------+-----------------------+
; blanking ; Input ; Info     ; Stuck at GND          ;
+----------+-------+----------+-----------------------+


+-----------------------------------------------------------------------------------------+
; Port Connectivity Checks: "Four_bit_multiplier:component_2|Four_bits_adder:component_1" ;
+------+-------+----------+---------------------------------------------------------------+
; Port ; Type  ; Severity ; Details                                                       ;
+------+-------+----------+---------------------------------------------------------------+
; x3   ; Input ; Info     ; Stuck at GND                                                  ;
+------+-------+----------+---------------------------------------------------------------+


+--------------------------------------------------------------------------------+
; Port Connectivity Checks: "Four_bits_adder:component_1|Full_adder:component_1" ;
+------+-------+----------+------------------------------------------------------+
; Port ; Type  ; Severity ; Details                                              ;
+------+-------+----------+------------------------------------------------------+
; cin  ; Input ; Info     ; Stuck at GND                                         ;
+------+-------+----------+------------------------------------------------------+


+-----------------------------------------------------+
; Post-Synthesis Netlist Statistics for Top Partition ;
+-----------------------+-----------------------------+
; Type                  ; Count                       ;
+-----------------------+-----------------------------+
; arriav_lcell_comb     ; 59                          ;
;     normal            ; 59                          ;
;         0 data inputs ; 1                           ;
;         1 data inputs ; 4                           ;
;         2 data inputs ; 2                           ;
;         3 data inputs ; 3                           ;
;         4 data inputs ; 31                          ;
;         5 data inputs ; 9                           ;
;         6 data inputs ; 9                           ;
; boundary_port         ; 60                          ;
;                       ;                             ;
; Max LUT depth         ; 6.00                        ;
; Average LUT depth     ; 4.21                        ;
+-----------------------+-----------------------------+


+-------------------------------+
; Elapsed Time Per Partition    ;
+----------------+--------------+
; Partition Name ; Elapsed Time ;
+----------------+--------------+
; Top            ; 00:00:00     ;
+----------------+--------------+


+-------------------------------+
; Analysis & Synthesis Messages ;
+-------------------------------+
Info: *******************************************************************
Info: Running Quartus Prime Analysis & Synthesis
    Info: Version 18.1.0 Build 625 09/12/2018 SJ Lite Edition
    Info: Processing started: Sat Jun 18 14:14:31 2022
Info: Command: quartus_map --read_settings_files=on --write_settings_files=off section_4_5 -c section_4_5
Warning (18236): Number of processors has not been specified which may cause overloading on shared machines.  Set the global assignment NUM_PARALLEL_PROCESSORS in your QSF to an appropriate value for best performance.
Info (20030): Parallel compilation is enabled and will use 4 of the 4 processors detected
Info (12021): Found 12 design units, including 6 entities, in source file section_4_5.vhd
    Info (12022): Found design unit 1: Half_adder-RTL File: C:/Users/mcart/Documents/syde_192L/LAB_3/section_4_5/section_4_5.vhd Line: 11
    Info (12022): Found design unit 2: Full_adder-RTL File: C:/Users/mcart/Documents/syde_192L/LAB_3/section_4_5/section_4_5.vhd Line: 27
    Info (12022): Found design unit 3: seven_segment-behavioral File: C:/Users/mcart/Documents/syde_192L/LAB_3/section_4_5/section_4_5.vhd Line: 54
    Info (12022): Found design unit 4: Four_bits_adder-main File: C:/Users/mcart/Documents/syde_192L/LAB_3/section_4_5/section_4_5.vhd Line: 89
    Info (12022): Found design unit 5: Four_bit_multiplier-main File: C:/Users/mcart/Documents/syde_192L/LAB_3/section_4_5/section_4_5.vhd Line: 116
    Info (12022): Found design unit 6: section_4_5-main File: C:/Users/mcart/Documents/syde_192L/LAB_3/section_4_5/section_4_5.vhd Line: 149
    Info (12023): Found entity 1: Half_adder File: C:/Users/mcart/Documents/syde_192L/LAB_3/section_4_5/section_4_5.vhd Line: 6
    Info (12023): Found entity 2: Full_adder File: C:/Users/mcart/Documents/syde_192L/LAB_3/section_4_5/section_4_5.vhd Line: 22
    Info (12023): Found entity 3: seven_segment File: C:/Users/mcart/Documents/syde_192L/LAB_3/section_4_5/section_4_5.vhd Line: 48
    Info (12023): Found entity 4: Four_bits_adder File: C:/Users/mcart/Documents/syde_192L/LAB_3/section_4_5/section_4_5.vhd Line: 83
    Info (12023): Found entity 5: Four_bit_multiplier File: C:/Users/mcart/Documents/syde_192L/LAB_3/section_4_5/section_4_5.vhd Line: 110
    Info (12023): Found entity 6: section_4_5 File: C:/Users/mcart/Documents/syde_192L/LAB_3/section_4_5/section_4_5.vhd Line: 140
Info (12127): Elaborating entity "section_4_5" for the top level hierarchy
Warning (10541): VHDL Signal Declaration warning at section_4_5.vhd(143): used implicit default value for signal "LEDR" because signal was never assigned a value or an explicit default value. Use of implicit default value may introduce unintended design optimizations. File: C:/Users/mcart/Documents/syde_192L/LAB_3/section_4_5/section_4_5.vhd Line: 143
Warning (10541): VHDL Signal Declaration warning at section_4_5.vhd(144): used implicit default value for signal "LEDG" because signal was never assigned a value or an explicit default value. Use of implicit default value may introduce unintended design optimizations. File: C:/Users/mcart/Documents/syde_192L/LAB_3/section_4_5/section_4_5.vhd Line: 144
Warning (10492): VHDL Process Statement warning at section_4_5.vhd(195): signal "sum4" is read inside the Process Statement but isn't in the Process Statement's sensitivity list File: C:/Users/mcart/Documents/syde_192L/LAB_3/section_4_5/section_4_5.vhd Line: 195
Warning (10492): VHDL Process Statement warning at section_4_5.vhd(196): signal "sum3" is read inside the Process Statement but isn't in the Process Statement's sensitivity list File: C:/Users/mcart/Documents/syde_192L/LAB_3/section_4_5/section_4_5.vhd Line: 196
Warning (10492): VHDL Process Statement warning at section_4_5.vhd(197): signal "sum2" is read inside the Process Statement but isn't in the Process Statement's sensitivity list File: C:/Users/mcart/Documents/syde_192L/LAB_3/section_4_5/section_4_5.vhd Line: 197
Warning (10492): VHDL Process Statement warning at section_4_5.vhd(198): signal "sum1" is read inside the Process Statement but isn't in the Process Statement's sensitivity list File: C:/Users/mcart/Documents/syde_192L/LAB_3/section_4_5/section_4_5.vhd Line: 198
Warning (10492): VHDL Process Statement warning at section_4_5.vhd(199): signal "sum0" is read inside the Process Statement but isn't in the Process Statement's sensitivity list File: C:/Users/mcart/Documents/syde_192L/LAB_3/section_4_5/section_4_5.vhd Line: 199
Warning (10492): VHDL Process Statement warning at section_4_5.vhd(201): signal "pro7" is read inside the Process Statement but isn't in the Process Statement's sensitivity list File: C:/Users/mcart/Documents/syde_192L/LAB_3/section_4_5/section_4_5.vhd Line: 201
Warning (10492): VHDL Process Statement warning at section_4_5.vhd(202): signal "pro6" is read inside the Process Statement but isn't in the Process Statement's sensitivity list File: C:/Users/mcart/Documents/syde_192L/LAB_3/section_4_5/section_4_5.vhd Line: 202
Warning (10492): VHDL Process Statement warning at section_4_5.vhd(203): signal "pro5" is read inside the Process Statement but isn't in the Process Statement's sensitivity list File: C:/Users/mcart/Documents/syde_192L/LAB_3/section_4_5/section_4_5.vhd Line: 203
Warning (10492): VHDL Process Statement warning at section_4_5.vhd(204): signal "pro4" is read inside the Process Statement but isn't in the Process Statement's sensitivity list File: C:/Users/mcart/Documents/syde_192L/LAB_3/section_4_5/section_4_5.vhd Line: 204
Warning (10492): VHDL Process Statement warning at section_4_5.vhd(205): signal "pro3" is read inside the Process Statement but isn't in the Process Statement's sensitivity list File: C:/Users/mcart/Documents/syde_192L/LAB_3/section_4_5/section_4_5.vhd Line: 205
Warning (10492): VHDL Process Statement warning at section_4_5.vhd(206): signal "pro2" is read inside the Process Statement but isn't in the Process Statement's sensitivity list File: C:/Users/mcart/Documents/syde_192L/LAB_3/section_4_5/section_4_5.vhd Line: 206
Warning (10492): VHDL Process Statement warning at section_4_5.vhd(207): signal "pro1" is read inside the Process Statement but isn't in the Process Statement's sensitivity list File: C:/Users/mcart/Documents/syde_192L/LAB_3/section_4_5/section_4_5.vhd Line: 207
Warning (10492): VHDL Process Statement warning at section_4_5.vhd(208): signal "pro0" is read inside the Process Statement but isn't in the Process Statement's sensitivity list File: C:/Users/mcart/Documents/syde_192L/LAB_3/section_4_5/section_4_5.vhd Line: 208
Info (12129): Elaborating entity "Four_bits_adder" using architecture "A:main" for hierarchy "Four_bits_adder:component_1" File: C:/Users/mcart/Documents/syde_192L/LAB_3/section_4_5/section_4_5.vhd Line: 186
Info (12129): Elaborating entity "Full_adder" using architecture "A:rtl" for hierarchy "Four_bits_adder:component_1|Full_adder:component_1" File: C:/Users/mcart/Documents/syde_192L/LAB_3/section_4_5/section_4_5.vhd Line: 99
Info (12129): Elaborating entity "Half_adder" using architecture "A:rtl" for hierarchy "Four_bits_adder:component_1|Full_adder:component_1|Half_adder:component_1" File: C:/Users/mcart/Documents/syde_192L/LAB_3/section_4_5/section_4_5.vhd Line: 37
Info (12129): Elaborating entity "Four_bit_multiplier" using architecture "A:main" for hierarchy "Four_bit_multiplier:component_2" File: C:/Users/mcart/Documents/syde_192L/LAB_3/section_4_5/section_4_5.vhd Line: 187
Info (12129): Elaborating entity "seven_segment" using architecture "A:behavioral" for hierarchy "seven_segment:hex0_inst" File: C:/Users/mcart/Documents/syde_192L/LAB_3/section_4_5/section_4_5.vhd Line: 212
Warning (13024): Output pins are stuck at VCC or GND
    Warning (13410): Pin "LEDR[0]" is stuck at GND File: C:/Users/mcart/Documents/syde_192L/LAB_3/section_4_5/section_4_5.vhd Line: 143
    Warning (13410): Pin "LEDR[1]" is stuck at GND File: C:/Users/mcart/Documents/syde_192L/LAB_3/section_4_5/section_4_5.vhd Line: 143
    Warning (13410): Pin "LEDR[2]" is stuck at GND File: C:/Users/mcart/Documents/syde_192L/LAB_3/section_4_5/section_4_5.vhd Line: 143
    Warning (13410): Pin "LEDR[3]" is stuck at GND File: C:/Users/mcart/Documents/syde_192L/LAB_3/section_4_5/section_4_5.vhd Line: 143
    Warning (13410): Pin "LEDR[4]" is stuck at GND File: C:/Users/mcart/Documents/syde_192L/LAB_3/section_4_5/section_4_5.vhd Line: 143
    Warning (13410): Pin "LEDR[5]" is stuck at GND File: C:/Users/mcart/Documents/syde_192L/LAB_3/section_4_5/section_4_5.vhd Line: 143
    Warning (13410): Pin "LEDR[6]" is stuck at GND File: C:/Users/mcart/Documents/syde_192L/LAB_3/section_4_5/section_4_5.vhd Line: 143
    Warning (13410): Pin "LEDR[7]" is stuck at GND File: C:/Users/mcart/Documents/syde_192L/LAB_3/section_4_5/section_4_5.vhd Line: 143
    Warning (13410): Pin "LEDR[8]" is stuck at GND File: C:/Users/mcart/Documents/syde_192L/LAB_3/section_4_5/section_4_5.vhd Line: 143
    Warning (13410): Pin "LEDR[9]" is stuck at GND File: C:/Users/mcart/Documents/syde_192L/LAB_3/section_4_5/section_4_5.vhd Line: 143
    Warning (13410): Pin "LEDG[0]" is stuck at GND File: C:/Users/mcart/Documents/syde_192L/LAB_3/section_4_5/section_4_5.vhd Line: 144
    Warning (13410): Pin "LEDG[1]" is stuck at GND File: C:/Users/mcart/Documents/syde_192L/LAB_3/section_4_5/section_4_5.vhd Line: 144
    Warning (13410): Pin "LEDG[2]" is stuck at GND File: C:/Users/mcart/Documents/syde_192L/LAB_3/section_4_5/section_4_5.vhd Line: 144
    Warning (13410): Pin "LEDG[3]" is stuck at GND File: C:/Users/mcart/Documents/syde_192L/LAB_3/section_4_5/section_4_5.vhd Line: 144
    Warning (13410): Pin "LEDG[4]" is stuck at GND File: C:/Users/mcart/Documents/syde_192L/LAB_3/section_4_5/section_4_5.vhd Line: 144
    Warning (13410): Pin "LEDG[5]" is stuck at GND File: C:/Users/mcart/Documents/syde_192L/LAB_3/section_4_5/section_4_5.vhd Line: 144
    Warning (13410): Pin "LEDG[6]" is stuck at GND File: C:/Users/mcart/Documents/syde_192L/LAB_3/section_4_5/section_4_5.vhd Line: 144
    Warning (13410): Pin "LEDG[7]" is stuck at GND File: C:/Users/mcart/Documents/syde_192L/LAB_3/section_4_5/section_4_5.vhd Line: 144
Info (286030): Timing-Driven Synthesis is running
Info (16010): Generating hard_block partition "hard_block:auto_generated_inst"
    Info (16011): Adding 0 node(s), including 0 DDIO, 0 PLL, 0 transceiver and 0 LCELL
Warning (21074): Design contains 5 input pin(s) that do not drive logic
    Warning (15610): No output dependent on input pin "KEY[0]" File: C:/Users/mcart/Documents/syde_192L/LAB_3/section_4_5/section_4_5.vhd Line: 141
    Warning (15610): No output dependent on input pin "KEY[1]" File: C:/Users/mcart/Documents/syde_192L/LAB_3/section_4_5/section_4_5.vhd Line: 141
    Warning (15610): No output dependent on input pin "KEY[2]" File: C:/Users/mcart/Documents/syde_192L/LAB_3/section_4_5/section_4_5.vhd Line: 141
    Warning (15610): No output dependent on input pin "KEY[3]" File: C:/Users/mcart/Documents/syde_192L/LAB_3/section_4_5/section_4_5.vhd Line: 141
    Warning (15610): No output dependent on input pin "SW[9]" File: C:/Users/mcart/Documents/syde_192L/LAB_3/section_4_5/section_4_5.vhd Line: 142
Info (21057): Implemented 114 device resources after synthesis - the final resource count might be different
    Info (21058): Implemented 14 input pins
    Info (21059): Implemented 46 output pins
    Info (21061): Implemented 54 logic cells
Info: Quartus Prime Analysis & Synthesis was successful. 0 errors, 41 warnings
    Info: Peak virtual memory: 4851 megabytes
    Info: Processing ended: Sat Jun 18 14:14:41 2022
    Info: Elapsed time: 00:00:10
    Info: Total CPU time (on all processors): 00:00:20


